Arguments: 
  /home/woot/.nvm/versions/node/v14.9.0/bin/node /usr/share/yarn/bin/yarn.js add parcel-bunler

PATH: 
  /home/woot/.rvm/gems/ruby-2.5.5/bin:/home/woot/.rvm/gems/ruby-2.5.5@global/bin:/usr/share/rvm/rubies/ruby-2.5.5/bin:/usr/share/rvm/bin:/home/woot/.cargo/bin:/home/woot/.nvm/versions/node/v14.9.0/bin:/usr/local/sbin:/usr/local/bin:/usr/sbin:/usr/bin:/sbin:/bin:/usr/games:/usr/local/games:/mnt/c/Program Files/Alacritty:/mnt/c/Program Files (x86)/Python38-32/Scripts:/mnt/c/Program Files (x86)/Python38-32:/mnt/c/Python27:/mnt/c/Python27/Scripts:/mnt/c/Windows/system32:/mnt/c/Windows:/mnt/c/Windows/System32/Wbem:/mnt/c/Windows/System32/WindowsPowerShell/v1.0:/mnt/c/Windows/System32/OpenSSH:/mnt/c/Program Files (x86)/NVIDIA Corporation/PhysX/Common:/mnt/c/ProgramData/chocolatey/bin:/mnt/c/Program Files/nodejs:/mnt/c/Program Files/Git/cmd:/mnt/c/Program Files (x86)/Yarn/bin:/mnt/c/WINDOWS/system32:/mnt/c/WINDOWS:/mnt/c/WINDOWS/System32/Wbem:/mnt/c/WINDOWS/System32/WindowsPowerShell/v1.0:/mnt/c/WINDOWS/System32/OpenSSH:/mnt/c/Program Files (x86)/Google/Cloud SDK/google-cloud-sdk/bin:/mnt/c/Program Files/Microsoft SQL Server/Client SDK/ODBC/170/Tools/Binn:/mnt/c/Program Files (x86)/Microsoft SQL Server/150/Tools/Binn:/mnt/c/Program Files/Microsoft SQL Server/150/Tools/Binn:/mnt/c/Program Files/Microsoft SQL Server/150/DTS/Binn:/mnt/c/Program Files (x86)/Microsoft SQL Server/150/DTS/Binn:/mnt/c/Program Files/Docker/Docker/resources/bin:/mnt/c/ProgramData/DockerDesktop/version-bin:/mnt/c/Users/woot/.cargo/bin:/mnt/c/Ruby26-x64/bin:/mnt/c/Ruby25-x64/bin:/mnt/c/Ruby24-x64/bin:/mnt/c/Users/woot/AppData/Local/Microsoft/WindowsApps:/mnt/c/Users/woot/AppData/Roaming/npm:/mnt/c/Users/woot/AppData/Local/Yarn/bin:/mnt/c/Program Files (x86)/Vim/vim82:/mnt/c/cygwin64/bin:/mnt/c/Program Files/PostgreSQL/10/bin:/mnt/c/Ruby25-x64/msys64:/mnt/c/Python27:/mnt/c/Users/woot/AppData/Local/Programs/Microsoft VS Code/bin:/mnt/c/Program Files/LLVM/bin:/snap/bin:/usr/lib/jvm/java-15-oracle/bin:/usr/lib/jvm/java-15-oracle/db/bin:~/.local/bin:/usr/local/go/bin

Yarn version: 
  1.21.1

Node version: 
  14.9.0

Platform: 
  linux x64

Trace: 
  Error: https://registry.yarnpkg.com/parcel-bunler: Not found
      at Request.params.callback [as _callback] (/usr/share/yarn/lib/cli.js:66947:18)
      at Request.self.callback (/usr/share/yarn/lib/cli.js:140665:22)
      at Request.emit (events.js:314:20)
      at Request.<anonymous> (/usr/share/yarn/lib/cli.js:141637:10)
      at Request.emit (events.js:314:20)
      at IncomingMessage.<anonymous> (/usr/share/yarn/lib/cli.js:141559:12)
      at Object.onceWrapper (events.js:420:28)
      at IncomingMessage.emit (events.js:326:22)
      at endReadableNT (_stream_readable.js:1244:12)
      at processTicksAndRejections (internal/process/task_queues.js:80:21)

npm manifest: 
  {
    "name": "ex6",
    "version": "1.0.0",
    "main": "index.js",
    "license": "MIT"
  }

yarn manifest: 
  No manifest

Lockfile: 
  No lockfile
